{"D:\\Users\\Javier\\Documents\\Udemy\\Cashtrackr\\backend\\src\\Utils\\auth.ts": {"path":"D:\\Users\\Javier\\Documents\\Udemy\\Cashtrackr\\backend\\src\\Utils\\auth.ts","statementMap":{"0":{"start":{"line":1,"column":0},"end":{"line":1,"column":27}},"1":{"start":{"line":3,"column":28},"end":{"line":6,"column":1}},"2":{"start":{"line":4,"column":16},"end":{"line":4,"column":40}},"3":{"start":{"line":5,"column":4},"end":{"line":5,"column":null}},"4":{"start":{"line":3,"column":13},"end":{"line":3,"column":28}},"5":{"start":{"line":8,"column":29},"end":{"line":10,"column":1}},"6":{"start":{"line":9,"column":4},"end":{"line":9,"column":null}},"7":{"start":{"line":8,"column":13},"end":{"line":8,"column":29}}},"fnMap":{"0":{"name":"(anonymous_1)","decl":{"start":{"line":3,"column":28},"end":{"line":3,"column":33}},"loc":{"start":{"line":3,"column":54},"end":{"line":6,"column":1}}},"1":{"name":"(anonymous_2)","decl":{"start":{"line":8,"column":29},"end":{"line":8,"column":34}},"loc":{"start":{"line":8,"column":69},"end":{"line":10,"column":1}}}},"branchMap":{},"s":{"0":1,"1":1,"2":0,"3":0,"4":1,"5":1,"6":0,"7":1},"f":{"0":0,"1":0},"b":{}}
,"D:\\Users\\Javier\\Documents\\Udemy\\Cashtrackr\\backend\\src\\Utils\\jwt.ts": {"path":"D:\\Users\\Javier\\Documents\\Udemy\\Cashtrackr\\backend\\src\\Utils\\jwt.ts","statementMap":{"0":{"start":{"line":1,"column":0},"end":{"line":1,"column":30}},"1":{"start":{"line":3,"column":19},"end":{"line":8,"column":1}},"2":{"start":{"line":4,"column":17},"end":{"line":6,"column":6}},"3":{"start":{"line":7,"column":4},"end":{"line":7,"column":null}},"4":{"start":{"line":3,"column":13},"end":{"line":3,"column":19}}},"fnMap":{"0":{"name":"(anonymous_1)","decl":{"start":{"line":3,"column":19},"end":{"line":3,"column":20}},"loc":{"start":{"line":3,"column":32},"end":{"line":8,"column":1}}}},"branchMap":{},"s":{"0":1,"1":1,"2":0,"3":0,"4":1},"f":{"0":0},"b":{}}
,"D:\\Users\\Javier\\Documents\\Udemy\\Cashtrackr\\backend\\src\\Utils\\token.ts": {"path":"D:\\Users\\Javier\\Documents\\Udemy\\Cashtrackr\\backend\\src\\Utils\\token.ts","statementMap":{"0":{"start":{"line":2,"column":29},"end":{"line":2,"column":88}},"1":{"start":{"line":2,"column":34},"end":{"line":2,"column":88}},"2":{"start":{"line":2,"column":13},"end":{"line":2,"column":29}}},"fnMap":{"0":{"name":"(anonymous_0)","decl":{"start":{"line":2,"column":29},"end":{"line":2,"column":31}},"loc":{"start":{"line":2,"column":34},"end":{"line":2,"column":88}}}},"branchMap":{},"s":{"0":1,"1":0,"2":1},"f":{"0":0},"b":{}}
,"D:\\Users\\Javier\\Documents\\Udemy\\Cashtrackr\\backend\\src\\config\\nodemailer.ts": {"path":"D:\\Users\\Javier\\Documents\\Udemy\\Cashtrackr\\backend\\src\\config\\nodemailer.ts","statementMap":{"0":{"start":{"line":1,"column":0},"end":{"line":1,"column":35}},"1":{"start":{"line":2,"column":0},"end":{"line":2,"column":27}},"2":{"start":{"line":4,"column":0},"end":{"line":4,"column":null}},"3":{"start":{"line":6,"column":13},"end":{"line":15,"column":1}},"4":{"start":{"line":7,"column":0},"end":{"line":14,"column":null}},"5":{"start":{"line":17,"column":13},"end":{"line":17,"column":62}}},"fnMap":{"0":{"name":"(anonymous_1)","decl":{"start":{"line":6,"column":13},"end":{"line":6,"column":15}},"loc":{"start":{"line":6,"column":17},"end":{"line":15,"column":1}}}},"branchMap":{},"s":{"0":1,"1":1,"2":1,"3":1,"4":1,"5":1},"f":{"0":1},"b":{}}
,"D:\\Users\\Javier\\Documents\\Udemy\\Cashtrackr\\backend\\src\\controllers\\AuthController.ts": {"path":"D:\\Users\\Javier\\Documents\\Udemy\\Cashtrackr\\backend\\src\\controllers\\AuthController.ts","statementMap":{"0":{"start":{"line":2,"column":0},"end":{"line":2,"column":34}},"1":{"start":{"line":3,"column":0},"end":{"line":3,"column":60}},"2":{"start":{"line":4,"column":0},"end":{"line":4,"column":47}},"3":{"start":{"line":5,"column":0},"end":{"line":5,"column":48}},"4":{"start":{"line":6,"column":0},"end":{"line":6,"column":35}},"5":{"start":{"line":9,"column":25},"end":{"line":34,"column":3}},"6":{"start":{"line":10,"column":32},"end":{"line":10,"column":40}},"7":{"start":{"line":11,"column":23},"end":{"line":11,"column":63}},"8":{"start":{"line":12,"column":4},"end":{"line":15,"column":5}},"9":{"start":{"line":13,"column":20},"end":{"line":13,"column":68}},"10":{"start":{"line":14,"column":6},"end":{"line":14,"column":60}},"11":{"start":{"line":17,"column":4},"end":{"line":33,"column":5}},"12":{"start":{"line":18,"column":19},"end":{"line":18,"column":47}},"13":{"start":{"line":19,"column":6},"end":{"line":19,"column":51}},"14":{"start":{"line":20,"column":6},"end":{"line":20,"column":35}},"15":{"start":{"line":21,"column":6},"end":{"line":21,"column":24}},"16":{"start":{"line":23,"column":6},"end":{"line":27,"column":9}},"17":{"start":{"line":29,"column":6},"end":{"line":29,"column":58}},"18":{"start":{"line":32,"column":6},"end":{"line":32,"column":55}},"19":{"start":{"line":36,"column":26},"end":{"line":48,"column":3}},"20":{"start":{"line":37,"column":22},"end":{"line":37,"column":30}},"21":{"start":{"line":38,"column":17},"end":{"line":38,"column":57}},"22":{"start":{"line":39,"column":4},"end":{"line":42,"column":5}},"23":{"start":{"line":40,"column":20},"end":{"line":40,"column":48}},"24":{"start":{"line":41,"column":6},"end":{"line":41,"column":60}},"25":{"start":{"line":44,"column":4},"end":{"line":44,"column":24}},"26":{"start":{"line":45,"column":4},"end":{"line":45,"column":22}},"27":{"start":{"line":46,"column":4},"end":{"line":46,"column":22}},"28":{"start":{"line":47,"column":4},"end":{"line":47,"column":48}},"29":{"start":{"line":50,"column":17},"end":{"line":71,"column":3}},"30":{"start":{"line":51,"column":32},"end":{"line":51,"column":40}},"31":{"start":{"line":52,"column":17},"end":{"line":52,"column":57}},"32":{"start":{"line":53,"column":4},"end":{"line":56,"column":5}},"33":{"start":{"line":54,"column":20},"end":{"line":54,"column":62}},"34":{"start":{"line":55,"column":6},"end":{"line":55,"column":60}},"35":{"start":{"line":58,"column":4},"end":{"line":61,"column":5}},"36":{"start":{"line":59,"column":20},"end":{"line":59,"column":63}},"37":{"start":{"line":60,"column":6},"end":{"line":60,"column":60}},"38":{"start":{"line":63,"column":30},"end":{"line":63,"column":74}},"39":{"start":{"line":64,"column":4},"end":{"line":67,"column":5}},"40":{"start":{"line":65,"column":20},"end":{"line":65,"column":70}},"41":{"start":{"line":66,"column":6},"end":{"line":66,"column":60}},"42":{"start":{"line":69,"column":18},"end":{"line":69,"column":30}},"43":{"start":{"line":70,"column":4},"end":{"line":70,"column":20}},"44":{"start":{"line":73,"column":26},"end":{"line":91,"column":3}},"45":{"start":{"line":74,"column":22},"end":{"line":74,"column":30}},"46":{"start":{"line":75,"column":17},"end":{"line":75,"column":57}},"47":{"start":{"line":76,"column":4},"end":{"line":79,"column":5}},"48":{"start":{"line":77,"column":20},"end":{"line":77,"column":62}},"49":{"start":{"line":78,"column":6},"end":{"line":78,"column":60}},"50":{"start":{"line":81,"column":4},"end":{"line":81,"column":33}},"51":{"start":{"line":82,"column":4},"end":{"line":82,"column":22}},"52":{"start":{"line":84,"column":4},"end":{"line":88,"column":7}},"53":{"start":{"line":90,"column":4},"end":{"line":90,"column":32}},"54":{"start":{"line":93,"column":25},"end":{"line":103,"column":3}},"55":{"start":{"line":94,"column":22},"end":{"line":94,"column":30}},"56":{"start":{"line":96,"column":24},"end":{"line":96,"column":64}},"57":{"start":{"line":97,"column":4},"end":{"line":100,"column":5}},"58":{"start":{"line":98,"column":20},"end":{"line":98,"column":48}},"59":{"start":{"line":99,"column":6},"end":{"line":99,"column":52}},"60":{"start":{"line":102,"column":4},"end":{"line":102,"column":29}},"61":{"start":{"line":105,"column":30},"end":{"line":119,"column":3}},"62":{"start":{"line":106,"column":22},"end":{"line":106,"column":32}},"63":{"start":{"line":107,"column":25},"end":{"line":107,"column":33}},"64":{"start":{"line":109,"column":17},"end":{"line":109,"column":57}},"65":{"start":{"line":110,"column":4},"end":{"line":113,"column":5}},"66":{"start":{"line":111,"column":20},"end":{"line":111,"column":48}},"67":{"start":{"line":112,"column":6},"end":{"line":112,"column":60}},"68":{"start":{"line":115,"column":4},"end":{"line":115,"column":49}},"69":{"start":{"line":116,"column":4},"end":{"line":116,"column":22}},"70":{"start":{"line":117,"column":4},"end":{"line":117,"column":22}},"71":{"start":{"line":118,"column":4},"end":{"line":118,"column":60}},"72":{"start":{"line":121,"column":16},"end":{"line":123,"column":3}},"73":{"start":{"line":122,"column":5},"end":{"line":122,"column":null}},"74":{"start":{"line":125,"column":28},"end":{"line":140,"column":3}},"75":{"start":{"line":126,"column":44},"end":{"line":126,"column":52}},"76":{"start":{"line":127,"column":18},"end":{"line":127,"column":26}},"77":{"start":{"line":129,"column":18},"end":{"line":129,"column":41}},"78":{"start":{"line":130,"column":29},"end":{"line":130,"column":81}},"79":{"start":{"line":131,"column":6},"end":{"line":134,"column":7}},"80":{"start":{"line":132,"column":21},"end":{"line":132,"column":64}},"81":{"start":{"line":133,"column":8},"end":{"line":133,"column":null}},"82":{"start":{"line":136,"column":6},"end":{"line":136,"column":null}},"83":{"start":{"line":137,"column":6},"end":{"line":137,"column":null}},"84":{"start":{"line":139,"column":6},"end":{"line":139,"column":null}},"85":{"start":{"line":142,"column":25},"end":{"line":154,"column":3}},"86":{"start":{"line":143,"column":24},"end":{"line":143,"column":32}},"87":{"start":{"line":144,"column":18},"end":{"line":144,"column":26}},"88":{"start":{"line":146,"column":18},"end":{"line":146,"column":41}},"89":{"start":{"line":147,"column":29},"end":{"line":147,"column":73}},"90":{"start":{"line":148,"column":6},"end":{"line":151,"column":7}},"91":{"start":{"line":149,"column":21},"end":{"line":149,"column":64}},"92":{"start":{"line":150,"column":8},"end":{"line":150,"column":null}},"93":{"start":{"line":153,"column":6},"end":{"line":153,"column":null}},"94":{"start":{"line":8,"column":0},"end":{"line":8,"column":13}}},"fnMap":{"0":{"name":"(anonymous_1)","decl":{"start":{"line":9,"column":25},"end":{"line":9,"column":30}},"loc":{"start":{"line":9,"column":63},"end":{"line":34,"column":3}}},"1":{"name":"(anonymous_2)","decl":{"start":{"line":36,"column":26},"end":{"line":36,"column":31}},"loc":{"start":{"line":36,"column":64},"end":{"line":48,"column":3}}},"2":{"name":"(anonymous_3)","decl":{"start":{"line":50,"column":17},"end":{"line":50,"column":22}},"loc":{"start":{"line":50,"column":55},"end":{"line":71,"column":3}}},"3":{"name":"(anonymous_4)","decl":{"start":{"line":73,"column":26},"end":{"line":73,"column":31}},"loc":{"start":{"line":73,"column":64},"end":{"line":91,"column":3}}},"4":{"name":"(anonymous_5)","decl":{"start":{"line":93,"column":25},"end":{"line":93,"column":30}},"loc":{"start":{"line":93,"column":63},"end":{"line":103,"column":3}}},"5":{"name":"(anonymous_6)","decl":{"start":{"line":105,"column":30},"end":{"line":105,"column":35}},"loc":{"start":{"line":105,"column":68},"end":{"line":119,"column":3}}},"6":{"name":"(anonymous_7)","decl":{"start":{"line":121,"column":16},"end":{"line":121,"column":21}},"loc":{"start":{"line":121,"column":54},"end":{"line":123,"column":3}}},"7":{"name":"(anonymous_8)","decl":{"start":{"line":125,"column":28},"end":{"line":125,"column":33}},"loc":{"start":{"line":125,"column":66},"end":{"line":140,"column":3}}},"8":{"name":"(anonymous_9)","decl":{"start":{"line":142,"column":25},"end":{"line":142,"column":30}},"loc":{"start":{"line":142,"column":63},"end":{"line":154,"column":3}}}},"branchMap":{"0":{"loc":{"start":{"line":12,"column":4},"end":{"line":15,"column":5}},"type":"if","locations":[{"start":{"line":12,"column":4},"end":{"line":15,"column":5}},{"start":{},"end":{}}]},"1":{"loc":{"start":{"line":39,"column":4},"end":{"line":42,"column":5}},"type":"if","locations":[{"start":{"line":39,"column":4},"end":{"line":42,"column":5}},{"start":{},"end":{}}]},"2":{"loc":{"start":{"line":53,"column":4},"end":{"line":56,"column":5}},"type":"if","locations":[{"start":{"line":53,"column":4},"end":{"line":56,"column":5}},{"start":{},"end":{}}]},"3":{"loc":{"start":{"line":58,"column":4},"end":{"line":61,"column":5}},"type":"if","locations":[{"start":{"line":58,"column":4},"end":{"line":61,"column":5}},{"start":{},"end":{}}]},"4":{"loc":{"start":{"line":64,"column":4},"end":{"line":67,"column":5}},"type":"if","locations":[{"start":{"line":64,"column":4},"end":{"line":67,"column":5}},{"start":{},"end":{}}]},"5":{"loc":{"start":{"line":76,"column":4},"end":{"line":79,"column":5}},"type":"if","locations":[{"start":{"line":76,"column":4},"end":{"line":79,"column":5}},{"start":{},"end":{}}]},"6":{"loc":{"start":{"line":97,"column":4},"end":{"line":100,"column":5}},"type":"if","locations":[{"start":{"line":97,"column":4},"end":{"line":100,"column":5}},{"start":{},"end":{}}]},"7":{"loc":{"start":{"line":110,"column":4},"end":{"line":113,"column":5}},"type":"if","locations":[{"start":{"line":110,"column":4},"end":{"line":113,"column":5}},{"start":{},"end":{}}]},"8":{"loc":{"start":{"line":131,"column":6},"end":{"line":134,"column":7}},"type":"if","locations":[{"start":{"line":131,"column":6},"end":{"line":134,"column":7}},{"start":{},"end":{}}]},"9":{"loc":{"start":{"line":148,"column":6},"end":{"line":151,"column":7}},"type":"if","locations":[{"start":{"line":148,"column":6},"end":{"line":151,"column":7}},{"start":{},"end":{}}]}},"s":{"0":1,"1":1,"2":1,"3":1,"4":1,"5":1,"6":2,"7":2,"8":2,"9":1,"10":1,"11":1,"12":1,"13":1,"14":1,"15":1,"16":1,"17":1,"18":0,"19":1,"20":0,"21":0,"22":0,"23":0,"24":0,"25":0,"26":0,"27":0,"28":0,"29":1,"30":4,"31":4,"32":4,"33":1,"34":1,"35":3,"36":1,"37":1,"38":2,"39":2,"40":1,"41":1,"42":1,"43":1,"44":1,"45":0,"46":0,"47":0,"48":0,"49":0,"50":0,"51":0,"52":0,"53":0,"54":1,"55":0,"56":0,"57":0,"58":0,"59":0,"60":0,"61":1,"62":0,"63":0,"64":0,"65":0,"66":0,"67":0,"68":0,"69":0,"70":0,"71":0,"72":1,"73":0,"74":1,"75":0,"76":0,"77":0,"78":0,"79":0,"80":0,"81":0,"82":0,"83":0,"84":0,"85":1,"86":0,"87":0,"88":0,"89":0,"90":0,"91":0,"92":0,"93":0,"94":1},"f":{"0":2,"1":0,"2":4,"3":0,"4":0,"5":0,"6":0,"7":0,"8":0},"b":{"0":[1,1],"1":[0,0],"2":[1,3],"3":[1,2],"4":[1,1],"5":[0,0],"6":[0,0],"7":[0,0],"8":[0,0],"9":[0,0]}}
,"D:\\Users\\Javier\\Documents\\Udemy\\Cashtrackr\\backend\\src\\controllers\\BudgetController.ts": {"path":"D:\\Users\\Javier\\Documents\\Udemy\\Cashtrackr\\backend\\src\\controllers\\BudgetController.ts","statementMap":{"0":{"start":{"line":2,"column":0},"end":{"line":2,"column":37}},"1":{"start":{"line":3,"column":0},"end":{"line":3,"column":39}},"2":{"start":{"line":6,"column":20},"end":{"line":21,"column":5}},"3":{"start":{"line":7,"column":7},"end":{"line":20,"column":8}},"4":{"start":{"line":8,"column":24},"end":{"line":15,"column":10}},"5":{"start":{"line":16,"column":8},"end":{"line":16,"column":null}},"6":{"start":{"line":19,"column":12},"end":{"line":19,"column":null}},"7":{"start":{"line":23,"column":20},"end":{"line":33,"column":5}},"8":{"start":{"line":24,"column":8},"end":{"line":32,"column":9}},"9":{"start":{"line":25,"column":27},"end":{"line":25,"column":56}},"10":{"start":{"line":26,"column":12},"end":{"line":26,"column":null}},"11":{"start":{"line":27,"column":12},"end":{"line":27,"column":null}},"12":{"start":{"line":28,"column":12},"end":{"line":28,"column":null}},"13":{"start":{"line":31,"column":12},"end":{"line":31,"column":null}},"14":{"start":{"line":34,"column":21},"end":{"line":39,"column":5}},"15":{"start":{"line":35,"column":27},"end":{"line":37,"column":14}},"16":{"start":{"line":38,"column":12},"end":{"line":38,"column":null}},"17":{"start":{"line":40,"column":24},"end":{"line":43,"column":5}},"18":{"start":{"line":41,"column":10},"end":{"line":41,"column":null}},"19":{"start":{"line":42,"column":10},"end":{"line":42,"column":null}},"20":{"start":{"line":44,"column":24},"end":{"line":47,"column":5}},"21":{"start":{"line":45,"column":10},"end":{"line":45,"column":null}},"22":{"start":{"line":46,"column":10},"end":{"line":46,"column":null}},"23":{"start":{"line":5,"column":0},"end":{"line":5,"column":13}}},"fnMap":{"0":{"name":"(anonymous_1)","decl":{"start":{"line":6,"column":20},"end":{"line":6,"column":25}},"loc":{"start":{"line":6,"column":54},"end":{"line":21,"column":5}}},"1":{"name":"(anonymous_2)","decl":{"start":{"line":23,"column":20},"end":{"line":23,"column":25}},"loc":{"start":{"line":23,"column":54},"end":{"line":33,"column":5}}},"2":{"name":"(anonymous_3)","decl":{"start":{"line":34,"column":21},"end":{"line":34,"column":26}},"loc":{"start":{"line":34,"column":55},"end":{"line":39,"column":5}}},"3":{"name":"(anonymous_4)","decl":{"start":{"line":40,"column":24},"end":{"line":40,"column":29}},"loc":{"start":{"line":40,"column":58},"end":{"line":43,"column":5}}},"4":{"name":"(anonymous_5)","decl":{"start":{"line":44,"column":24},"end":{"line":44,"column":29}},"loc":{"start":{"line":44,"column":58},"end":{"line":47,"column":5}}}},"branchMap":{},"s":{"0":1,"1":1,"2":1,"3":4,"4":4,"5":3,"6":1,"7":1,"8":2,"9":2,"10":1,"11":1,"12":1,"13":1,"14":1,"15":3,"16":3,"17":1,"18":1,"19":1,"20":1,"21":1,"22":1,"23":1},"f":{"0":4,"1":2,"2":3,"3":1,"4":1},"b":{}}
,"D:\\Users\\Javier\\Documents\\Udemy\\Cashtrackr\\backend\\src\\controllers\\ExpensesController.ts": {"path":"D:\\Users\\Javier\\Documents\\Udemy\\Cashtrackr\\backend\\src\\controllers\\ExpensesController.ts","statementMap":{"0":{"start":{"line":2,"column":0},"end":{"line":2,"column":39}},"1":{"start":{"line":7,"column":20},"end":{"line":17,"column":5}},"2":{"start":{"line":8,"column":5},"end":{"line":16,"column":6}},"3":{"start":{"line":9,"column":23},"end":{"line":9,"column":53}},"4":{"start":{"line":10,"column":8},"end":{"line":10,"column":null}},"5":{"start":{"line":11,"column":8},"end":{"line":11,"column":null}},"6":{"start":{"line":12,"column":8},"end":{"line":12,"column":null}},"7":{"start":{"line":15,"column":8},"end":{"line":15,"column":null}},"8":{"start":{"line":19,"column":21},"end":{"line":21,"column":5}},"9":{"start":{"line":20,"column":8},"end":{"line":20,"column":null}},"10":{"start":{"line":23,"column":24},"end":{"line":26,"column":5}},"11":{"start":{"line":24,"column":8},"end":{"line":24,"column":null}},"12":{"start":{"line":25,"column":8},"end":{"line":25,"column":null}},"13":{"start":{"line":28,"column":24},"end":{"line":31,"column":5}},"14":{"start":{"line":29,"column":8},"end":{"line":29,"column":null}},"15":{"start":{"line":30,"column":8},"end":{"line":30,"column":null}},"16":{"start":{"line":4,"column":0},"end":{"line":4,"column":13}}},"fnMap":{"0":{"name":"(anonymous_1)","decl":{"start":{"line":7,"column":20},"end":{"line":7,"column":25}},"loc":{"start":{"line":7,"column":58},"end":{"line":17,"column":5}}},"1":{"name":"(anonymous_2)","decl":{"start":{"line":19,"column":21},"end":{"line":19,"column":26}},"loc":{"start":{"line":19,"column":59},"end":{"line":21,"column":5}}},"2":{"name":"(anonymous_3)","decl":{"start":{"line":23,"column":24},"end":{"line":23,"column":29}},"loc":{"start":{"line":23,"column":62},"end":{"line":26,"column":5}}},"3":{"name":"(anonymous_4)","decl":{"start":{"line":28,"column":24},"end":{"line":28,"column":29}},"loc":{"start":{"line":28,"column":62},"end":{"line":31,"column":5}}}},"branchMap":{},"s":{"0":1,"1":1,"2":2,"3":2,"4":1,"5":1,"6":1,"7":1,"8":1,"9":1,"10":1,"11":1,"12":1,"13":1,"14":1,"15":1,"16":1},"f":{"0":2,"1":1,"2":1,"3":1},"b":{}}
,"D:\\Users\\Javier\\Documents\\Udemy\\Cashtrackr\\backend\\src\\emails\\AuthEmail.ts": {"path":"D:\\Users\\Javier\\Documents\\Udemy\\Cashtrackr\\backend\\src\\emails\\AuthEmail.ts","statementMap":{"0":{"start":{"line":1,"column":0},"end":{"line":1,"column":48}},"1":{"start":{"line":10,"column":35},"end":{"line":20,"column":5}},"2":{"start":{"line":11,"column":21},"end":{"line":19,"column":10}},"3":{"start":{"line":22,"column":33},"end":{"line":32,"column":5}},"4":{"start":{"line":23,"column":21},"end":{"line":31,"column":10}},"5":{"start":{"line":9,"column":0},"end":{"line":9,"column":13}}},"fnMap":{"0":{"name":"(anonymous_0)","decl":{"start":{"line":10,"column":35},"end":{"line":10,"column":40}},"loc":{"start":{"line":10,"column":60},"end":{"line":20,"column":5}}},"1":{"name":"(anonymous_1)","decl":{"start":{"line":22,"column":33},"end":{"line":22,"column":38}},"loc":{"start":{"line":22,"column":58},"end":{"line":32,"column":5}}}},"branchMap":{},"s":{"0":1,"1":1,"2":0,"3":1,"4":0,"5":1},"f":{"0":0,"1":0},"b":{}}
,"D:\\Users\\Javier\\Documents\\Udemy\\Cashtrackr\\backend\\src\\middleware\\budgetsId.ts": {"path":"D:\\Users\\Javier\\Documents\\Udemy\\Cashtrackr\\backend\\src\\middleware\\budgetsId.ts","statementMap":{"0":{"start":{"line":2,"column":0},"end":{"line":2,"column":52}},"1":{"start":{"line":3,"column":0},"end":{"line":3,"column":48}},"2":{"start":{"line":4,"column":0},"end":{"line":4,"column":38}},"3":{"start":{"line":14,"column":25},"end":{"line":25,"column":1}},"4":{"start":{"line":16,"column":4},"end":{"line":18,"column":null}},"5":{"start":{"line":18,"column":26},"end":{"line":18,"column":35}},"6":{"start":{"line":20,"column":17},"end":{"line":20,"column":38}},"7":{"start":{"line":21,"column":4},"end":{"line":23,"column":5}},"8":{"start":{"line":22,"column":8},"end":{"line":22,"column":null}},"9":{"start":{"line":24,"column":4},"end":{"line":24,"column":null}},"10":{"start":{"line":14,"column":13},"end":{"line":14,"column":25}},"11":{"start":{"line":27,"column":36},"end":{"line":41,"column":1}},"12":{"start":{"line":28,"column":4},"end":{"line":40,"column":9}},"13":{"start":{"line":29,"column":31},"end":{"line":29,"column":41}},"14":{"start":{"line":30,"column":27},"end":{"line":30,"column":58}},"15":{"start":{"line":31,"column":12},"end":{"line":34,"column":13}},"16":{"start":{"line":32,"column":30},"end":{"line":32,"column":68}},"17":{"start":{"line":33,"column":16},"end":{"line":33,"column":null}},"18":{"start":{"line":35,"column":12},"end":{"line":35,"column":null}},"19":{"start":{"line":36,"column":12},"end":{"line":36,"column":null}},"20":{"start":{"line":39,"column":12},"end":{"line":39,"column":null}},"21":{"start":{"line":27,"column":13},"end":{"line":27,"column":36}},"22":{"start":{"line":43,"column":35},"end":{"line":51,"column":1}},"23":{"start":{"line":44,"column":8},"end":{"line":45,"column":null}},"24":{"start":{"line":46,"column":8},"end":{"line":49,"column":null}},"25":{"start":{"line":49,"column":29},"end":{"line":49,"column":38}},"26":{"start":{"line":50,"column":4},"end":{"line":50,"column":null}},"27":{"start":{"line":43,"column":13},"end":{"line":43,"column":35}},"28":{"start":{"line":53,"column":25},"end":{"line":60,"column":1}},"29":{"start":{"line":55,"column":4},"end":{"line":58,"column":5}},"30":{"start":{"line":56,"column":21},"end":{"line":56,"column":50}},"31":{"start":{"line":57,"column":8},"end":{"line":57,"column":null}},"32":{"start":{"line":59,"column":4},"end":{"line":59,"column":null}},"33":{"start":{"line":53,"column":13},"end":{"line":53,"column":25}}},"fnMap":{"0":{"name":"(anonymous_1)","decl":{"start":{"line":14,"column":25},"end":{"line":14,"column":30}},"loc":{"start":{"line":14,"column":82},"end":{"line":25,"column":1}}},"1":{"name":"(anonymous_2)","decl":{"start":{"line":18,"column":17},"end":{"line":18,"column":22}},"loc":{"start":{"line":18,"column":26},"end":{"line":18,"column":35}}},"2":{"name":"(anonymous_3)","decl":{"start":{"line":27,"column":36},"end":{"line":27,"column":41}},"loc":{"start":{"line":27,"column":93},"end":{"line":41,"column":1}}},"3":{"name":"(anonymous_4)","decl":{"start":{"line":43,"column":35},"end":{"line":43,"column":40}},"loc":{"start":{"line":43,"column":92},"end":{"line":51,"column":1}}},"4":{"name":"(anonymous_5)","decl":{"start":{"line":49,"column":20},"end":{"line":49,"column":25}},"loc":{"start":{"line":49,"column":29},"end":{"line":49,"column":38}}},"5":{"name":"(anonymous_6)","decl":{"start":{"line":53,"column":25},"end":{"line":53,"column":30}},"loc":{"start":{"line":53,"column":82},"end":{"line":60,"column":1}}}},"branchMap":{"0":{"loc":{"start":{"line":21,"column":4},"end":{"line":23,"column":5}},"type":"if","locations":[{"start":{"line":21,"column":4},"end":{"line":23,"column":5}},{"start":{},"end":{}}]},"1":{"loc":{"start":{"line":31,"column":12},"end":{"line":34,"column":13}},"type":"if","locations":[{"start":{"line":31,"column":12},"end":{"line":34,"column":13}},{"start":{},"end":{}}]},"2":{"loc":{"start":{"line":55,"column":4},"end":{"line":58,"column":5}},"type":"if","locations":[{"start":{"line":55,"column":4},"end":{"line":58,"column":5}},{"start":{},"end":{}}]}},"s":{"0":2,"1":2,"2":2,"3":2,"4":0,"5":0,"6":0,"7":0,"8":0,"9":0,"10":2,"11":2,"12":3,"13":3,"14":3,"15":2,"16":1,"17":1,"18":1,"19":1,"20":1,"21":2,"22":2,"23":0,"24":0,"25":0,"26":0,"27":2,"28":2,"29":3,"30":2,"31":2,"32":1,"33":2},"f":{"0":0,"1":0,"2":3,"3":0,"4":0,"5":3},"b":{"0":[0,0],"1":[1,1],"2":[2,1]}}
,"D:\\Users\\Javier\\Documents\\Udemy\\Cashtrackr\\backend\\src\\middleware\\expense.ts": {"path":"D:\\Users\\Javier\\Documents\\Udemy\\Cashtrackr\\backend\\src\\middleware\\expense.ts","statementMap":{"0":{"start":{"line":2,"column":0},"end":{"line":2,"column":66}},"1":{"start":{"line":3,"column":0},"end":{"line":3,"column":40}},"2":{"start":{"line":13,"column":36},"end":{"line":21,"column":1}},"3":{"start":{"line":14,"column":8},"end":{"line":15,"column":null}},"4":{"start":{"line":16,"column":8},"end":{"line":19,"column":null}},"5":{"start":{"line":19,"column":29},"end":{"line":19,"column":38}},"6":{"start":{"line":20,"column":4},"end":{"line":20,"column":null}},"7":{"start":{"line":13,"column":13},"end":{"line":13,"column":36}},"8":{"start":{"line":23,"column":25},"end":{"line":34,"column":1}},"9":{"start":{"line":25,"column":4},"end":{"line":27,"column":null}},"10":{"start":{"line":27,"column":26},"end":{"line":27,"column":35}},"11":{"start":{"line":29,"column":17},"end":{"line":29,"column":38}},"12":{"start":{"line":30,"column":4},"end":{"line":32,"column":5}},"13":{"start":{"line":31,"column":8},"end":{"line":31,"column":null}},"14":{"start":{"line":33,"column":4},"end":{"line":33,"column":null}},"15":{"start":{"line":23,"column":13},"end":{"line":23,"column":25}},"16":{"start":{"line":36,"column":37},"end":{"line":50,"column":1}},"17":{"start":{"line":37,"column":4},"end":{"line":49,"column":9}},"18":{"start":{"line":38,"column":32},"end":{"line":38,"column":42}},"19":{"start":{"line":39,"column":28},"end":{"line":39,"column":61}},"20":{"start":{"line":40,"column":12},"end":{"line":43,"column":13}},"21":{"start":{"line":41,"column":30},"end":{"line":41,"column":62}},"22":{"start":{"line":42,"column":16},"end":{"line":42,"column":null}},"23":{"start":{"line":44,"column":12},"end":{"line":44,"column":null}},"24":{"start":{"line":45,"column":12},"end":{"line":45,"column":null}},"25":{"start":{"line":48,"column":12},"end":{"line":48,"column":null}},"26":{"start":{"line":36,"column":13},"end":{"line":36,"column":37}}},"fnMap":{"0":{"name":"(anonymous_1)","decl":{"start":{"line":13,"column":36},"end":{"line":13,"column":41}},"loc":{"start":{"line":13,"column":93},"end":{"line":21,"column":1}}},"1":{"name":"(anonymous_2)","decl":{"start":{"line":19,"column":20},"end":{"line":19,"column":25}},"loc":{"start":{"line":19,"column":29},"end":{"line":19,"column":38}}},"2":{"name":"(anonymous_3)","decl":{"start":{"line":23,"column":25},"end":{"line":23,"column":30}},"loc":{"start":{"line":23,"column":82},"end":{"line":34,"column":1}}},"3":{"name":"(anonymous_4)","decl":{"start":{"line":27,"column":17},"end":{"line":27,"column":22}},"loc":{"start":{"line":27,"column":26},"end":{"line":27,"column":35}}},"4":{"name":"(anonymous_5)","decl":{"start":{"line":36,"column":37},"end":{"line":36,"column":42}},"loc":{"start":{"line":36,"column":94},"end":{"line":50,"column":1}}}},"branchMap":{"0":{"loc":{"start":{"line":30,"column":4},"end":{"line":32,"column":5}},"type":"if","locations":[{"start":{"line":30,"column":4},"end":{"line":32,"column":5}},{"start":{},"end":{}}]},"1":{"loc":{"start":{"line":40,"column":12},"end":{"line":43,"column":13}},"type":"if","locations":[{"start":{"line":40,"column":12},"end":{"line":43,"column":13}},{"start":{},"end":{}}]}},"s":{"0":1,"1":1,"2":1,"3":0,"4":0,"5":0,"6":0,"7":1,"8":1,"9":0,"10":0,"11":0,"12":0,"13":0,"14":0,"15":1,"16":1,"17":3,"18":3,"19":3,"20":2,"21":1,"22":1,"23":1,"24":1,"25":1,"26":1},"f":{"0":0,"1":0,"2":0,"3":0,"4":3},"b":{"0":[0,0],"1":[1,1]}}
,"D:\\Users\\Javier\\Documents\\Udemy\\Cashtrackr\\backend\\src\\models\\Budget.ts": {"path":"D:\\Users\\Javier\\Documents\\Udemy\\Cashtrackr\\backend\\src\\models\\Budget.ts","statementMap":{"0":{"start":{"line":1,"column":0},"end":{"line":1,"column":110}},"1":{"start":{"line":2,"column":0},"end":{"line":2,"column":31}},"2":{"start":{"line":3,"column":0},"end":{"line":3,"column":25}},"3":{"start":{"line":9,"column":0},"end":{"line":35,"column":null}},"4":{"start":{"line":14,"column":12},"end":{"line":14,"column":null}},"5":{"start":{"line":20,"column":12},"end":{"line":20,"column":null}},"6":{"start":{"line":26,"column":12},"end":{"line":26,"column":null}},"7":{"start":{"line":22,"column":17},"end":{"line":22,"column":24}},"8":{"start":{"line":29,"column":12},"end":{"line":29,"column":null}},"9":{"start":{"line":28,"column":20},"end":{"line":28,"column":24}},"10":{"start":{"line":32,"column":12},"end":{"line":32,"column":null}},"11":{"start":{"line":31,"column":19},"end":{"line":31,"column":23}},"12":{"start":{"line":9,"column":6},"end":{"line":35,"column":null}},"13":{"start":{"line":37,"column":0},"end":{"line":37,"column":null}}},"fnMap":{"0":{"name":"(anonymous_3)","decl":{"start":{"line":22,"column":13},"end":{"line":22,"column":15}},"loc":{"start":{"line":22,"column":17},"end":{"line":22,"column":24}}},"1":{"name":"(anonymous_4)","decl":{"start":{"line":28,"column":16},"end":{"line":28,"column":18}},"loc":{"start":{"line":28,"column":20},"end":{"line":28,"column":24}}},"2":{"name":"(anonymous_5)","decl":{"start":{"line":31,"column":15},"end":{"line":31,"column":17}},"loc":{"start":{"line":31,"column":19},"end":{"line":31,"column":23}}}},"branchMap":{},"s":{"0":2,"1":2,"2":2,"3":2,"4":2,"5":2,"6":2,"7":0,"8":2,"9":0,"10":2,"11":0,"12":2,"13":2},"f":{"0":0,"1":0,"2":0},"b":{}}
,"D:\\Users\\Javier\\Documents\\Udemy\\Cashtrackr\\backend\\src\\models\\Expense.ts": {"path":"D:\\Users\\Javier\\Documents\\Udemy\\Cashtrackr\\backend\\src\\models\\Expense.ts","statementMap":{"0":{"start":{"line":1,"column":0},"end":{"line":1,"column":102}},"1":{"start":{"line":2,"column":0},"end":{"line":2,"column":29}},"2":{"start":{"line":8,"column":0},"end":{"line":26,"column":null}},"3":{"start":{"line":13,"column":12},"end":{"line":13,"column":null}},"4":{"start":{"line":19,"column":12},"end":{"line":19,"column":null}},"5":{"start":{"line":22,"column":12},"end":{"line":22,"column":null}},"6":{"start":{"line":21,"column":21},"end":{"line":21,"column":27}},"7":{"start":{"line":25,"column":12},"end":{"line":25,"column":null}},"8":{"start":{"line":24,"column":20},"end":{"line":24,"column":26}},"9":{"start":{"line":8,"column":6},"end":{"line":26,"column":null}},"10":{"start":{"line":28,"column":0},"end":{"line":28,"column":null}}},"fnMap":{"0":{"name":"(anonymous_3)","decl":{"start":{"line":21,"column":16},"end":{"line":21,"column":18}},"loc":{"start":{"line":21,"column":21},"end":{"line":21,"column":27}}},"1":{"name":"(anonymous_4)","decl":{"start":{"line":24,"column":15},"end":{"line":24,"column":17}},"loc":{"start":{"line":24,"column":20},"end":{"line":24,"column":26}}}},"branchMap":{},"s":{"0":2,"1":2,"2":2,"3":2,"4":2,"5":2,"6":0,"7":2,"8":0,"9":2,"10":2},"f":{"0":0,"1":0},"b":{}}
,"D:\\Users\\Javier\\Documents\\Udemy\\Cashtrackr\\backend\\src\\models\\User.ts": {"path":"D:\\Users\\Javier\\Documents\\Udemy\\Cashtrackr\\backend\\src\\models\\User.ts","statementMap":{"0":{"start":{"line":1,"column":0},"end":{"line":1,"column":116}},"1":{"start":{"line":2,"column":0},"end":{"line":2,"column":29}},"2":{"start":{"line":8,"column":0},"end":{"line":46,"column":null}},"3":{"start":{"line":14,"column":12},"end":{"line":14,"column":null}},"4":{"start":{"line":20,"column":12},"end":{"line":20,"column":null}},"5":{"start":{"line":27,"column":12},"end":{"line":27,"column":null}},"6":{"start":{"line":32,"column":12},"end":{"line":32,"column":null}},"7":{"start":{"line":38,"column":12},"end":{"line":38,"column":null}},"8":{"start":{"line":44,"column":12},"end":{"line":44,"column":null}},"9":{"start":{"line":40,"column":18},"end":{"line":40,"column":24}},"10":{"start":{"line":8,"column":6},"end":{"line":46,"column":null}},"11":{"start":{"line":48,"column":0},"end":{"line":48,"column":null}}},"fnMap":{"0":{"name":"(anonymous_3)","decl":{"start":{"line":40,"column":14},"end":{"line":40,"column":16}},"loc":{"start":{"line":40,"column":18},"end":{"line":40,"column":24}}}},"branchMap":{},"s":{"0":2,"1":2,"2":2,"3":2,"4":2,"5":2,"6":2,"7":2,"8":2,"9":0,"10":2,"11":2},"f":{"0":0},"b":{}}
,"D:\\Users\\Javier\\Documents\\Udemy\\Cashtrackr\\backend\\src\\test\\mocks\\budgets.ts": {"path":"D:\\Users\\Javier\\Documents\\Udemy\\Cashtrackr\\backend\\src\\test\\mocks\\budgets.ts","statementMap":{"0":{"start":{"line":1,"column":13},"end":{"line":71,"column":2}}},"fnMap":{},"branchMap":{},"s":{"0":3},"f":{},"b":{}}
,"D:\\Users\\Javier\\Documents\\Udemy\\Cashtrackr\\backend\\src\\test\\mocks\\expense.ts": {"path":"D:\\Users\\Javier\\Documents\\Udemy\\Cashtrackr\\backend\\src\\test\\mocks\\expense.ts","statementMap":{"0":{"start":{"line":1,"column":13},"end":{"line":26,"column":null}}},"fnMap":{},"branchMap":{},"s":{"0":2},"f":{},"b":{}}
}
